

*******************************************************************************
Tue May 08 16:16:16 2018


FIT:    data read from 'results4.txt' using 0:1
        format = x:z
        #datapoints = 100
        residuals are weighted equally (unit weight)

function used for fitting: f(x)
	f(x) = m*x + b
fitted parameters initialized with current variable values

iter      chisq       delta/lim  lambda   m             b            
   0 0.0000000000e+00  nan       4.05e+01  1.000000e+00  1.000000e+00
   1 0.0000000000e+00  nan       4.05e+00  1.000000e+00  1.000000e+00

After 1 iterations the fit converged.
final sum of squares of residuals : 0
abs. change during last iteration : 0


Hmmmm.... Sum of squared residuals is zero. Can't compute errors.

Final set of parameters 
======================= 

m               = 1              
b               = 1              


*******************************************************************************
Tue May 08 16:16:39 2018


FIT:    data read from 'results4.txt' using 1:2
        format = x:z
        #datapoints = 100
        residuals are weighted equally (unit weight)

function used for fitting: f(x)
	f(x) = m*x + b
fitted parameters initialized with current variable values

iter      chisq       delta/lim  lambda   m             b            
   0 1.2239812542e+05  0.00e+00 4.11e+01  1.000000e+00  1.000000e+00
   5 1.3911429122e+03 -1.67e-08 4.11e-04  1.748769e-01  1.731581e+01

After 5 iterations the fit converged.
final sum of squares of residuals : 1391.14
rel. change during last iteration : -1.67366e-013

degrees of freedom    (FIT_NDF)                        : 98
rms of residuals      (FIT_STDFIT) = sqrt(WSSR/ndf)    : 3.76767
variance of residuals (reduced chisquare) = WSSR/ndf   : 14.1953

Final set of parameters            Asymptotic Standard Error
=======================            ==========================
m               = 0.174877         +/- 0.01305      (7.464%)
b               = 17.3158          +/- 0.7592       (4.385%)

correlation matrix of the fit parameters:
                m      b      
m               1.000 
b              -0.868  1.000 


*******************************************************************************
Tue May 08 16:25:37 2018


FIT:    data read from 'results.txt' using 1:2
        format = x:z
        #datapoints = 100
        residuals are weighted equally (unit weight)

function used for fitting: f(x)
	f(x) = m*x + b
fitted parameters initialized with current variable values

iter      chisq       delta/lim  lambda   m             b            
   0 2.3517357677e+05  0.00e+00 4.11e+01  1.000000e+00  1.000000e+00
   5 8.6083994718e+01 -3.61e-08 4.11e-04  7.922828e-02  6.947419e+00

After 5 iterations the fit converged.
final sum of squares of residuals : 86.084
rel. change during last iteration : -3.60537e-013

degrees of freedom    (FIT_NDF)                        : 98
rms of residuals      (FIT_STDFIT) = sqrt(WSSR/ndf)    : 0.937234
variance of residuals (reduced chisquare) = WSSR/ndf   : 0.878408

Final set of parameters            Asymptotic Standard Error
=======================            ==========================
m               = 0.0792283        +/- 0.003247     (4.098%)
b               = 6.94742          +/- 0.1889       (2.718%)

correlation matrix of the fit parameters:
                m      b      
m               1.000 
b              -0.868  1.000 


*******************************************************************************
Tue May 08 16:28:57 2018


FIT:    data read from 'results.txt' using 1:2
        format = x:z
        #datapoints = 100
        residuals are weighted equally (unit weight)

function used for fitting: g(x)
	g(x) = a*x^b
fitted parameters initialized with current variable values



*******************************************************************************
Wed May 09 15:07:45 2018


FIT:    data read from 'areas.txt'
        format = z
        #datapoints = 150
        residuals are weighted equally (unit weight)

function used for fitting: f(x)
	f(x) = m*exp(b*x) + a
fitted parameters initialized with current variable values

iter      chisq       delta/lim  lambda   m             b             a            
   0 2.2464503958e+130  0.00e+00 1.14e+66  1.000000e+00  1.000000e+00  1.000000e+00
   1 3.5331030474e+129 -5.36e+05 1.14e+65  9.999617e-01  9.938279e-01  1.000000e+00

The maximum lambda = 1.000000e+020 was exceeded. Fit stopped.
final sum of squares of residuals : 3.5331e+129
rel. change during last iteration : -5.35829

degrees of freedom    (FIT_NDF)                        : 147
rms of residuals      (FIT_STDFIT) = sqrt(WSSR/ndf)    : 4.90252e+063
variance of residuals (reduced chisquare) = WSSR/ndf   : 2.40347e+127

Final set of parameters            Asymptotic Standard Error
=======================            ==========================
m               = 0.999962         +/- 26.79        (2679%)
b               = 0.993828         +/- 0.1658       (16.68%)
a               = 1                +/- 8.575e+062   (8.575e+064%)

correlation matrix of the fit parameters:
                m      b      a      
m               1.000 
b              -1.000  1.000 
a              -0.000  0.000  1.000 


*******************************************************************************
Wed May 09 15:10:21 2018


FIT:    data read from 'areas.txt'
        format = z
        #datapoints = 150
        residuals are weighted equally (unit weight)

function used for fitting: f(x)
	f(x) = m*x + b
fitted parameters initialized with current variable values

iter      chisq       delta/lim  lambda   m             b             a            
   0 2.1170951376e+08  0.00e+00 5.03e+01  9.999617e-01  9.938279e-01  1.000000e+00
BREAK: Singular matrix in Invert_RtR

*******************************************************************************
Wed May 09 15:10:32 2018


FIT:    data read from 'areas.txt'
        format = z
        #datapoints = 150
        residuals are weighted equally (unit weight)

function used for fitting: f(x)
	f(x) = m*x + b
fitted parameters initialized with current variable values

iter      chisq       delta/lim  lambda   m             b            
   0 9.5229319467e+07  0.00e+00 1.31e+03 -1.073445e+01  1.606918e+03
   1 9.5229319467e+07 -3.55e-09 1.31e+02 -1.073445e+01  1.606918e+03

After 1 iterations the fit converged.
final sum of squares of residuals : 9.52293e+007
rel. change during last iteration : -3.55202e-014

degrees of freedom    (FIT_NDF)                        : 148
rms of residuals      (FIT_STDFIT) = sqrt(WSSR/ndf)    : 802.148
variance of residuals (reduced chisquare) = WSSR/ndf   : 643441

Final set of parameters            Asymptotic Standard Error
=======================            ==========================
m               = -10.7345         +/- 1.513        (14.09%)
b               = 1606.92          +/- 131.6        (8.193%)

correlation matrix of the fit parameters:
                m      b      
m               1.000 
b              -0.867  1.000 


*******************************************************************************
Wed May 09 15:11:18 2018


FIT:    data read from 'areas.txt'
        format = z
        #datapoints = 150
        residuals are weighted equally (unit weight)

function used for fitting: f(x)
	f(x) = m*exp(b*x)
fitted parameters initialized with current variable values


Current data point
=========================
#               = 1 out of 150
x               = -10.7345       
z               = 10000          

Current set of parameters
=========================
m               = -10.7345       
b               = 1606.92        

BREAK: Undefined value during function evaluation

*******************************************************************************
Wed May 09 15:43:38 2018


FIT:    data read from 'areas.txt'
        format = z
        x range restricted to [0.00000 : 100.000]
        #datapoints = 101
        residuals are weighted equally (unit weight)

function used for fitting: f(x)
	f(x) = a*x + b
fitted parameters initialized with current variable values

iter      chisq       delta/lim  lambda   a             b            
   0 0.0000000000e+00  nan       4.09e+01  1.000000e+00  1.000000e+00
   1 0.0000000000e+00  nan       4.09e+00  1.000000e+00  1.000000e+00

After 1 iterations the fit converged.
final sum of squares of residuals : 0
abs. change during last iteration : 0


Hmmmm.... Sum of squared residuals is zero. Can't compute errors.

Final set of parameters 
======================= 

a               = 1              
b               = 1              


*******************************************************************************
Wed May 09 15:44:43 2018


FIT:    data read from 'areas.txt' using 1:2
        format = x:z
        x range restricted to [0.00000 : 100.000]
BREAK: No data to fit

*******************************************************************************
Wed May 09 15:44:57 2018


FIT:    data read from 'areas.txt' using 0:1
        format = x:z
        x range restricted to [0.00000 : 100.000]
        #datapoints = 101
        residuals are weighted equally (unit weight)

function used for fitting: f(x)
	f(x) = a*x + b
fitted parameters initialized with current variable values

iter      chisq       delta/lim  lambda   a             b            
   0 0.0000000000e+00  nan       4.09e+01  1.000000e+00  1.000000e+00
   1 0.0000000000e+00  nan       4.09e+00  1.000000e+00  1.000000e+00

After 1 iterations the fit converged.
final sum of squares of residuals : 0
abs. change during last iteration : 0


Hmmmm.... Sum of squared residuals is zero. Can't compute errors.

Final set of parameters 
======================= 

a               = 1              
b               = 1              


*******************************************************************************
Wed May 09 15:47:07 2018


FIT:    data read from 'areas.txt' using 0:1
        format = x:z
        #datapoints = 150
        residuals are weighted equally (unit weight)

function used for fitting: f(x)
	f(x) = a*x + b
fitted parameters initialized with current variable values

iter      chisq       delta/lim  lambda   a             b            
   0 0.0000000000e+00  nan       6.09e+01  1.000000e+00  1.000000e+00
   1 0.0000000000e+00  nan       6.09e+00  1.000000e+00  1.000000e+00

After 1 iterations the fit converged.
final sum of squares of residuals : 0
abs. change during last iteration : 0


Hmmmm.... Sum of squared residuals is zero. Can't compute errors.

Final set of parameters 
======================= 

a               = 1              
b               = 1              


*******************************************************************************
Wed May 09 15:47:16 2018


FIT:    data read from 'areas.txt' using 1:2
        format = x:z
        #datapoints = 150
        residuals are weighted equally (unit weight)

function used for fitting: f(x)
	f(x) = a*x + b
fitted parameters initialized with current variable values

iter      chisq       delta/lim  lambda   a             b            
   0 2.1169253430e+08  0.00e+00 6.15e+01  1.000000e+00  1.000000e+00
   5 9.1548179135e+07 -2.88e-08 6.15e-04 -1.098760e+01  1.635126e+03

After 5 iterations the fit converged.
final sum of squares of residuals : 9.15482e+007
rel. change during last iteration : -2.87612e-013

degrees of freedom    (FIT_NDF)                        : 148
rms of residuals      (FIT_STDFIT) = sqrt(WSSR/ndf)    : 786.491
variance of residuals (reduced chisquare) = WSSR/ndf   : 618569

Final set of parameters            Asymptotic Standard Error
=======================            ==========================
a               = -10.9876         +/- 1.483        (13.5%)
b               = 1635.13          +/- 129.1        (7.894%)

correlation matrix of the fit parameters:
                a      b      
a               1.000 
b              -0.867  1.000 


*******************************************************************************
Wed May 09 15:50:05 2018


FIT:    data read from 'areas.txt' using 1:2
        format = x:z
        #datapoints = 150
        residuals are weighted equally (unit weight)

function used for fitting: f(x)
	f(x) = a*exp(-b*x)
fitted parameters initialized with current variable values

iter      chisq       delta/lim  lambda   a             b            
   0 2.2283224045e+08  0.00e+00 3.62e-02  1.000000e+00  1.000000e+00

Current data point
=========================
#               = 1 out of 150
x               = 12501.2        
z               = 10000          

Current set of parameters
=========================
a               = 12501.2        
b               = -12924.5       

BREAK: Undefined value during function evaluation

*******************************************************************************
Wed May 09 15:51:30 2018


FIT:    data read from 'areas.txt' using 0:1
        format = x:z
        x range restricted to [-48.0000 : 112.000]
        #datapoints = 113
        residuals are weighted equally (unit weight)

function used for fitting: f(x)
	f(x) = a*exp(-b*x)
fitted parameters initialized with current variable values


Current data point
=========================
#               = 2 out of 113
x               = 12501.2        
z               = 2              

Current set of parameters
=========================
a               = 12501.2        
b               = -12924.5       

BREAK: Undefined value during function evaluation

*******************************************************************************
Wed May 09 16:24:12 2018


FIT:    data read from 'areas.txt' using 1:2
        format = x:z
        #datapoints = 150
        residuals are weighted equally (unit weight)

function used for fitting: f(x)
	f(x) = a*x^2
fitted parameters initialized with current variable values



*******************************************************************************
Wed May 09 16:24:55 2018


FIT:    data read from 'areas.txt' using 1:2
        format = x:z
        #datapoints = 150
        residuals are weighted equally (unit weight)

function used for fitting: f(x)
	f(x) = a*x^2+b
fitted parameters initialized with current variable values



*******************************************************************************
Wed May 09 16:25:22 2018


FIT:    data read from 'areas.txt' using 1:2
        format = x:z
        #datapoints = 150
        residuals are weighted equally (unit weight)

function used for fitting: f(x)
	f(x) = a*x**2+b
fitted parameters initialized with current variable values

iter      chisq       delta/lim  lambda   a             b            
   0 1.4595721889e+10  0.00e+00 7.17e+03  1.000000e+00  1.000000e+00
   7 1.0438466332e+08 -6.30e-09 7.17e-04 -5.558603e-02  1.226636e+03

After 7 iterations the fit converged.
final sum of squares of residuals : 1.04385e+008
rel. change during last iteration : -6.29538e-014

degrees of freedom    (FIT_NDF)                        : 148
rms of residuals      (FIT_STDFIT) = sqrt(WSSR/ndf)    : 839.822
variance of residuals (reduced chisquare) = WSSR/ndf   : 705302

Final set of parameters            Asymptotic Standard Error
=======================            ==========================
a               = -0.055586        +/- 0.01016      (18.28%)
b               = 1226.64          +/- 103.1        (8.403%)

correlation matrix of the fit parameters:
                a      b      
a               1.000 
b              -0.747  1.000 


*******************************************************************************
Wed May 09 16:26:14 2018


FIT:    data read from 'areas.txt' using 1:2
        format = x:z
        x range restricted to [-112.000 : 48.0000]
        #datapoints = 48
        residuals are weighted equally (unit weight)

function used for fitting: f(x)
	f(x) = a*x**b
fitted parameters initialized with current variable values


Current data point
=========================
#               = 2 out of 48
x               = -0.055586      
z               = 2500           

Current set of parameters
=========================
a               = -0.055586      
b               = 1226.64        

BREAK: Function evaluation yields NaN ("not a number")

*******************************************************************************
Wed May 09 16:27:46 2018


FIT:    data read from 'areas.txt' using 1:2
        format = x:z
        #datapoints = 150
        residuals are weighted equally (unit weight)

function used for fitting: f(x)
	f(x) = a*x**b
fitted parameters initialized with current variable values

iter      chisq       delta/lim  lambda   a             b            
   0 2.1191140300e+08  0.00e+00 2.96e+02  1.000000e+00  1.000000e+00
  51 1.3245317762e+07 -4.75e-01 2.96e-06  8.212838e+03 -6.588597e-01

After 51 iterations the fit converged.
final sum of squares of residuals : 1.32453e+007
rel. change during last iteration : -4.75338e-006

degrees of freedom    (FIT_NDF)                        : 148
rms of residuals      (FIT_STDFIT) = sqrt(WSSR/ndf)    : 299.158
variance of residuals (reduced chisquare) = WSSR/ndf   : 89495.4

Final set of parameters            Asymptotic Standard Error
=======================            ==========================
a               = 8212.84          +/- 242.9        (2.958%)
b               = -0.65886         +/- 0.01427      (2.165%)

correlation matrix of the fit parameters:
                a      b      
a               1.000 
b              -0.716  1.000 


*******************************************************************************
Wed May 09 16:32:03 2018


FIT:    data read from 'areas.txt' using 1:2
        format = x:z
        #datapoints = 150
        residuals are weighted equally (unit weight)

function used for fitting: f(x)
	f(x) = a*x**b
fitted parameters initialized with current variable values

iter      chisq       delta/lim  lambda   a             b            
   0 2.1191140300e+08  0.00e+00 2.96e+02  1.000000e+00  1.000000e+00
  51 1.3245317762e+07 -4.75e-01 2.96e-06  8.212838e+03 -6.588597e-01

After 51 iterations the fit converged.
final sum of squares of residuals : 1.32453e+007
rel. change during last iteration : -4.75338e-006

degrees of freedom    (FIT_NDF)                        : 148
rms of residuals      (FIT_STDFIT) = sqrt(WSSR/ndf)    : 299.158
variance of residuals (reduced chisquare) = WSSR/ndf   : 89495.4

Final set of parameters            Asymptotic Standard Error
=======================            ==========================
a               = 8212.84          +/- 242.9        (2.958%)
b               = -0.65886         +/- 0.01427      (2.165%)

correlation matrix of the fit parameters:
                a      b      
a               1.000 
b              -0.716  1.000 


*******************************************************************************
Wed May 09 16:33:44 2018


FIT:    data read from 'results.txt' using 1:2
        format = x:z
        #datapoints = 150
        residuals are weighted equally (unit weight)

function used for fitting: g(x)
	g(x) = a*x + b
fitted parameters initialized with current variable values

iter      chisq       delta/lim  lambda   a             b            
   0 7.6639677503e+13  0.00e+00 5.05e+05  8.212838e+03 -6.588597e-01
   9 9.6749993290e+01 -5.08e-06 5.05e-04  7.766657e-02  6.974392e+00

After 9 iterations the fit converged.
final sum of squares of residuals : 96.75
rel. change during last iteration : -5.07738e-011

degrees of freedom    (FIT_NDF)                        : 148
rms of residuals      (FIT_STDFIT) = sqrt(WSSR/ndf)    : 0.808527
variance of residuals (reduced chisquare) = WSSR/ndf   : 0.653716

Final set of parameters            Asymptotic Standard Error
=======================            ==========================
a               = 0.0776666        +/- 0.001525     (1.963%)
b               = 6.97439          +/- 0.1327       (1.903%)

correlation matrix of the fit parameters:
                a      b      
a               1.000 
b              -0.867  1.000 


*******************************************************************************
Wed May 09 16:34:53 2018


FIT:    data read from 'results.txt' using 1:2
        format = x:z
        #datapoints = 150
        residuals are weighted equally (unit weight)

function used for fitting: g(x)
	g(x) = a*log(x) + b
fitted parameters initialized with current variable values

iter      chisq       delta/lim  lambda   a             b            
   0 6.3448818757e+03  0.00e+00 4.94e+00  7.766657e-02  6.974392e+00
   4 2.4746792629e+02 -2.80e-01 4.94e-04  3.409077e+00 -9.121821e-01

After 4 iterations the fit converged.
final sum of squares of residuals : 247.468
rel. change during last iteration : -2.7999e-006

degrees of freedom    (FIT_NDF)                        : 148
rms of residuals      (FIT_STDFIT) = sqrt(WSSR/ndf)    : 1.29309
variance of residuals (reduced chisquare) = WSSR/ndf   : 1.67208

Final set of parameters            Asymptotic Standard Error
=======================            ==========================
a               = 3.40908          +/- 0.1121       (3.289%)
b               = -0.912182        +/- 0.4644       (50.91%)

correlation matrix of the fit parameters:
                a      b      
a               1.000 
b              -0.974  1.000 


*******************************************************************************
Wed May 09 16:36:16 2018


FIT:    data read from 'results.txt' using 1:2
        format = x:z
        #datapoints = 150
        residuals are weighted equally (unit weight)

function used for fitting: h(x)
	h(x) = a*x + b
fitted parameters initialized with current variable values

iter      chisq       delta/lim  lambda   a             b            
   0 1.2025047465e+07  0.00e+00 2.10e+02  3.409077e+00 -9.121821e-01
   5 9.6749993290e+01 -6.56e-02 2.10e-03  7.766657e-02  6.974392e+00

After 5 iterations the fit converged.
final sum of squares of residuals : 96.75
rel. change during last iteration : -6.5583e-007

degrees of freedom    (FIT_NDF)                        : 148
rms of residuals      (FIT_STDFIT) = sqrt(WSSR/ndf)    : 0.808527
variance of residuals (reduced chisquare) = WSSR/ndf   : 0.653716

Final set of parameters            Asymptotic Standard Error
=======================            ==========================
a               = 0.0776666        +/- 0.001525     (1.963%)
b               = 6.97439          +/- 0.1327       (1.903%)

correlation matrix of the fit parameters:
                a      b      
a               1.000 
b              -0.867  1.000 


*******************************************************************************
Sat May 12 23:09:35 2018


FIT:    data read from 'results.txt' using 1:2
        format = x:z
        #datapoints = 150
        residuals are weighted equally (unit weight)

function used for fitting: f(x)
	f(x) = a*x + b
fitted parameters initialized with current variable values

iter      chisq       delta/lim  lambda   a             b            
   0 8.4726857303e+05  0.00e+00 6.15e+01  1.000000e+00  1.000000e+00
   5 9.6749993290e+01 -3.65e-07 6.15e-04  7.766657e-02  6.974392e+00

After 5 iterations the fit converged.
final sum of squares of residuals : 96.75
rel. change during last iteration : -3.65002e-012

degrees of freedom    (FIT_NDF)                        : 148
rms of residuals      (FIT_STDFIT) = sqrt(WSSR/ndf)    : 0.808527
variance of residuals (reduced chisquare) = WSSR/ndf   : 0.653716

Final set of parameters            Asymptotic Standard Error
=======================            ==========================
a               = 0.0776666        +/- 0.001525     (1.963%)
b               = 6.97439          +/- 0.1327       (1.903%)

correlation matrix of the fit parameters:
                a      b      
a               1.000 
b              -0.867  1.000 


*******************************************************************************
Sat May 12 23:13:59 2018


FIT:    data read from 'results1.txt' using 1:2
        format = x:z
        x range restricted to [0.00000 : 100.000]
BREAK: No data to fit

*******************************************************************************
Sat May 12 23:14:51 2018


FIT:    data read from 'results1.txt' using 1:2
        format = x:z
        x range restricted to [0.00000 : 100.000]
BREAK: No data to fit

*******************************************************************************
Sat May 12 23:14:57 2018


FIT:    data read from 'results1.txt' using 0:1
        format = x:z
        x range restricted to [0.00000 : 100.000]
        #datapoints = 101
        residuals are weighted equally (unit weight)

function used for fitting: f(x)
	f(x) = a*x + b
fitted parameters initialized with current variable values

iter      chisq       delta/lim  lambda   a             b            
   0 0.0000000000e+00  nan       4.09e+01  1.000000e+00  1.000000e+00
   1 0.0000000000e+00  nan       4.09e+00  1.000000e+00  1.000000e+00

After 1 iterations the fit converged.
final sum of squares of residuals : 0
abs. change during last iteration : 0


Hmmmm.... Sum of squared residuals is zero. Can't compute errors.

Final set of parameters 
======================= 

a               = 1              
b               = 1              


*******************************************************************************
Sat May 12 23:15:04 2018


FIT:    data read from 'results1.txt' using 1:2
        format = x:z
        x range restricted to [0.00000 : 100.000]
BREAK: No data to fit

*******************************************************************************
Sat May 12 23:15:28 2018


FIT:    data read from 'results1.txt' using 1:2
        format = x:z
        x range restricted to [0.00000 : 100.000]
BREAK: No data to fit

*******************************************************************************
Sat May 12 23:16:45 2018


FIT:    data read from 'results1.txt' using 1:2
        format = x:z
        #datapoints = 150
        residuals are weighted equally (unit weight)

function used for fitting: f(x)
	f(x) = a*x + b
fitted parameters initialized with current variable values

iter      chisq       delta/lim  lambda   a             b            
   0 6.6484446862e+05  0.00e+00 6.15e+01  1.000000e+00  1.000000e+00
   5 7.0972079891e+02 -3.43e-07 6.15e-04  8.437494e-02  1.669101e+01

After 5 iterations the fit converged.
final sum of squares of residuals : 709.721
rel. change during last iteration : -3.4254e-012

degrees of freedom    (FIT_NDF)                        : 148
rms of residuals      (FIT_STDFIT) = sqrt(WSSR/ndf)    : 2.18984
variance of residuals (reduced chisquare) = WSSR/ndf   : 4.79541

Final set of parameters            Asymptotic Standard Error
=======================            ==========================
a               = 0.0843749        +/- 0.004129     (4.894%)
b               = 16.691           +/- 0.3594       (2.153%)

correlation matrix of the fit parameters:
                a      b      
a               1.000 
b              -0.867  1.000 


*******************************************************************************
Sat May 12 23:17:55 2018


FIT:    data read from 'results2.txt' using 1:2
        format = x:z
        #datapoints = 150
        residuals are weighted equally (unit weight)

function used for fitting: f(x)
	f(x) = a*x + b
fitted parameters initialized with current variable values

iter      chisq       delta/lim  lambda   a             b            
   0 2.1326682858e+04  0.00e+00 1.29e+01  8.437494e-02  1.669101e+01
   3 9.0039403316e+01 -1.80e-05 1.29e-02  6.079716e-02  6.616375e+00

After 3 iterations the fit converged.
final sum of squares of residuals : 90.0394
rel. change during last iteration : -1.80435e-010

degrees of freedom    (FIT_NDF)                        : 148
rms of residuals      (FIT_STDFIT) = sqrt(WSSR/ndf)    : 0.779984
variance of residuals (reduced chisquare) = WSSR/ndf   : 0.608374

Final set of parameters            Asymptotic Standard Error
=======================            ==========================
a               = 0.0607972        +/- 0.001471     (2.419%)
b               = 6.61637          +/- 0.128        (1.935%)

correlation matrix of the fit parameters:
                a      b      
a               1.000 
b              -0.867  1.000 


*******************************************************************************
Sat May 12 23:19:53 2018


FIT:    data read from 'results3.txt' using 1:2
        format = x:z
        x range restricted to [0.00000 : 100.000]
BREAK: No data to fit

*******************************************************************************
Sat May 12 23:20:15 2018


FIT:    data read from 'results3.txt' using 1:2
        format = x:z
        x range restricted to [0.00000 : 100.000]
BREAK: No data to fit

*******************************************************************************
Sat May 12 23:21:42 2018


FIT:    data read from 'results3.txt' using 1:2
        format = x:z
        #datapoints = 150
        residuals are weighted equally (unit weight)

function used for fitting: f(x)
	f(x) = a*x + b
fitted parameters initialized with current variable values

iter      chisq       delta/lim  lambda   a             b            
   0 9.0511216391e+05  0.00e+00 6.15e+01  1.000000e+00  1.000000e+00
   5 8.8272593760e+01 -2.54e-07 6.15e-04  6.053011e-02  5.758349e+00

After 5 iterations the fit converged.
final sum of squares of residuals : 88.2726
rel. change during last iteration : -2.53991e-012

degrees of freedom    (FIT_NDF)                        : 148
rms of residuals      (FIT_STDFIT) = sqrt(WSSR/ndf)    : 0.772293
variance of residuals (reduced chisquare) = WSSR/ndf   : 0.596436

Final set of parameters            Asymptotic Standard Error
=======================            ==========================
a               = 0.0605301        +/- 0.001456     (2.406%)
b               = 5.75835          +/- 0.1267       (2.201%)

correlation matrix of the fit parameters:
                a      b      
a               1.000 
b              -0.867  1.000 


*******************************************************************************
Sun May 13 00:03:35 2018


FIT:    data read from 'results.txt' using 1:2
        format = x:z
        #datapoints = 150
        residuals are weighted equally (unit weight)

function used for fitting: f(x)
	f(x) = a*x + b
fitted parameters initialized with current variable values

iter      chisq       delta/lim  lambda   a             b            
   0 8.4726857303e+05  0.00e+00 6.15e+01  1.000000e+00  1.000000e+00
   5 9.6749993290e+01 -3.65e-07 6.15e-04  7.766657e-02  6.974392e+00

After 5 iterations the fit converged.
final sum of squares of residuals : 96.75
rel. change during last iteration : -3.65002e-012

degrees of freedom    (FIT_NDF)                        : 148
rms of residuals      (FIT_STDFIT) = sqrt(WSSR/ndf)    : 0.808527
variance of residuals (reduced chisquare) = WSSR/ndf   : 0.653716

Final set of parameters            Asymptotic Standard Error
=======================            ==========================
a               = 0.0776666        +/- 0.001525     (1.963%)
b               = 6.97439          +/- 0.1327       (1.903%)

correlation matrix of the fit parameters:
                a      b      
a               1.000 
b              -0.867  1.000 


*******************************************************************************
Sun May 13 17:45:56 2018


FIT:    data read from 'areas.txt' using 1:2
        format = x:z
        #datapoints = 150
        residuals are weighted equally (unit weight)

function used for fitting: f(x)
	f(x) = a*exp(b*x)
fitted parameters initialized with current variable values

iter      chisq       delta/lim  lambda   a             b            
   0 2.2464503958e+130  0.00e+00 1.40e+66  1.000000e+00  1.000000e+00
   1 3.5403478607e+129 -5.35e+05 1.40e+65  9.999618e-01  9.938347e-01

The maximum lambda = 1.000000e+020 was exceeded. Fit stopped.
final sum of squares of residuals : 3.54035e+129
rel. change during last iteration : -5.34528

degrees of freedom    (FIT_NDF)                        : 148
rms of residuals      (FIT_STDFIT) = sqrt(WSSR/ndf)    : 4.89094e+063
variance of residuals (reduced chisquare) = WSSR/ndf   : 2.39213e+127

Final set of parameters            Asymptotic Standard Error
=======================            ==========================
a               = 0.999962         +/- 26.7         (2670%)
b               = 0.993835         +/- 0.1652       (16.63%)

correlation matrix of the fit parameters:
                a      b      
a               1.000 
b              -1.000  1.000 


*******************************************************************************
Sun May 13 17:47:21 2018


FIT:    data read from 'areas.txt' using 1:2
        format = x:z
        #datapoints = 150
        residuals are weighted equally (unit weight)

function used for fitting: f(x)
	f(x) = a*x**b
fitted parameters initialized with current variable values

iter      chisq       delta/lim  lambda   a             b            
   0 2.1191140300e+08  0.00e+00 2.96e+02  1.000000e+00  1.000000e+00
  51 1.3245317762e+07 -4.75e-01 2.96e-06  8.212838e+03 -6.588597e-01

After 51 iterations the fit converged.
final sum of squares of residuals : 1.32453e+007
rel. change during last iteration : -4.75338e-006

degrees of freedom    (FIT_NDF)                        : 148
rms of residuals      (FIT_STDFIT) = sqrt(WSSR/ndf)    : 299.158
variance of residuals (reduced chisquare) = WSSR/ndf   : 89495.4

Final set of parameters            Asymptotic Standard Error
=======================            ==========================
a               = 8212.84          +/- 242.9        (2.958%)
b               = -0.65886         +/- 0.01427      (2.165%)

correlation matrix of the fit parameters:
                a      b      
a               1.000 
b              -0.716  1.000 


*******************************************************************************
Sun May 13 17:48:26 2018


FIT:    data read from 'areas1.txt' using 1:2
        format = x:z
        #datapoints = 150
        residuals are weighted equally (unit weight)

function used for fitting: f(x)
	f(x) = a*x**b
fitted parameters initialized with current variable values

iter      chisq       delta/lim  lambda   a             b            
   0 3.7753039274e+07  0.00e+00 1.42e+03  8.212838e+03 -6.588597e-01
   5 2.4913445524e+06 -1.21e-01 1.42e-02  9.917785e+03 -1.048998e+00

After 5 iterations the fit converged.
final sum of squares of residuals : 2.49134e+006
rel. change during last iteration : -1.2101e-006

degrees of freedom    (FIT_NDF)                        : 148
rms of residuals      (FIT_STDFIT) = sqrt(WSSR/ndf)    : 129.744
variance of residuals (reduced chisquare) = WSSR/ndf   : 16833.4

Final set of parameters            Asymptotic Standard Error
=======================            ==========================
a               = 9917.79          +/- 121          (1.22%)
b               = -1.049           +/- 0.01304      (1.243%)

correlation matrix of the fit parameters:
                a      b      
a               1.000 
b              -0.511  1.000 


*******************************************************************************
Sun May 13 17:48:59 2018


FIT:    data read from 'areas2.txt' using 1:2
        format = x:z
        #datapoints = 150
        residuals are weighted equally (unit weight)

function used for fitting: f(x)
	f(x) = a*x**b
fitted parameters initialized with current variable values

iter      chisq       delta/lim  lambda   a             b            
   0 1.1430773568e+08  0.00e+00 1.00e+03  9.917785e+03 -1.048998e+00
   4 6.1822997942e+06 -5.69e-01 1.00e+00  1.077297e+04 -6.339289e-01

After 4 iterations the fit converged.
final sum of squares of residuals : 6.1823e+006
rel. change during last iteration : -5.68963e-006

degrees of freedom    (FIT_NDF)                        : 148
rms of residuals      (FIT_STDFIT) = sqrt(WSSR/ndf)    : 204.383
variance of residuals (reduced chisquare) = WSSR/ndf   : 41772.3

Final set of parameters            Asymptotic Standard Error
=======================            ==========================
a               = 10773            +/- 163.7        (1.519%)
b               = -0.633929        +/- 0.006985     (1.102%)

correlation matrix of the fit parameters:
                a      b      
a               1.000 
b              -0.732  1.000 


*******************************************************************************
Sun May 13 17:49:24 2018


FIT:    data read from 'areas3.txt' using 1:2
        format = x:z
        #datapoints = 150
        residuals are weighted equally (unit weight)

function used for fitting: f(x)
	f(x) = a*x**b
fitted parameters initialized with current variable values

iter      chisq       delta/lim  lambda   a             b            
   0 2.3902838326e+07  0.00e+00 1.94e+03  1.077297e+04 -6.339289e-01
   3 1.5464533391e+07 -3.34e-01 1.94e+00  1.180313e+04 -6.090621e-01

After 3 iterations the fit converged.
final sum of squares of residuals : 1.54645e+007
rel. change during last iteration : -3.33871e-006

degrees of freedom    (FIT_NDF)                        : 148
rms of residuals      (FIT_STDFIT) = sqrt(WSSR/ndf)    : 323.249
variance of residuals (reduced chisquare) = WSSR/ndf   : 104490

Final set of parameters            Asymptotic Standard Error
=======================            ==========================
a               = 11803.1          +/- 255          (2.16%)
b               = -0.609062        +/- 0.009485     (1.557%)

correlation matrix of the fit parameters:
                a      b      
a               1.000 
b              -0.747  1.000 


*******************************************************************************
Sun May 13 17:49:54 2018


FIT:    data read from 'areas4.txt' using 1:2
        format = x:z
        #datapoints = 150
        residuals are weighted equally (unit weight)

function used for fitting: f(x)
	f(x) = a*x**b
fitted parameters initialized with current variable values

iter      chisq       delta/lim  lambda   a             b            
   0 2.2734242780e+08  0.00e+00 2.22e+03  1.180313e+04 -6.090621e-01
   5 3.4523590942e+07 -6.63e-01 2.22e-02  1.121223e+04 -1.169124e+00

After 5 iterations the fit converged.
final sum of squares of residuals : 3.45236e+007
rel. change during last iteration : -6.63098e-006

degrees of freedom    (FIT_NDF)                        : 148
rms of residuals      (FIT_STDFIT) = sqrt(WSSR/ndf)    : 482.978
variance of residuals (reduced chisquare) = WSSR/ndf   : 233268

Final set of parameters            Asymptotic Standard Error
=======================            ==========================
a               = 11212.2          +/- 459.8        (4.101%)
b               = -1.16912         +/- 0.05478      (4.686%)

correlation matrix of the fit parameters:
                a      b      
a               1.000 
b              -0.467  1.000 


*******************************************************************************
Tue May 15 11:46:04 2018


FIT:    data read from 'results.txt' using 1:2
        format = x:z
        #datapoints = 150
        residuals are weighted equally (unit weight)

function used for fitting: f(x)
	f(x) = a*x + b
fitted parameters initialized with current variable values

iter      chisq       delta/lim  lambda   a             b            
   0 8.4701750033e+05  0.00e+00 6.15e+01  1.000000e+00  1.000000e+00
   5 8.8239623598e+01 -3.94e-07 6.15e-04  7.823438e-02  6.928803e+00

After 5 iterations the fit converged.
final sum of squares of residuals : 88.2396
rel. change during last iteration : -3.94118e-012

degrees of freedom    (FIT_NDF)                        : 148
rms of residuals      (FIT_STDFIT) = sqrt(WSSR/ndf)    : 0.772149
variance of residuals (reduced chisquare) = WSSR/ndf   : 0.596214

Final set of parameters            Asymptotic Standard Error
=======================            ==========================
a               = 0.0782344        +/- 0.001456     (1.861%)
b               = 6.9288           +/- 0.1267       (1.829%)

correlation matrix of the fit parameters:
                a      b      
a               1.000 
b              -0.867  1.000 


*******************************************************************************
Tue May 15 11:49:12 2018


FIT:    data read from 'results1.txt' using 1:2
        format = x:z
        #datapoints = 150
        residuals are weighted equally (unit weight)

function used for fitting: f(x)
	f(x) = a*x + b
fitted parameters initialized with current variable values

iter      chisq       delta/lim  lambda   a             b            
   0 1.8175698617e+04  0.00e+00 6.87e+00  7.823438e-02  6.928803e+00
   3 7.9538719680e+02 -7.20e-05 6.87e-03  8.194190e-02  1.741192e+01

After 3 iterations the fit converged.
final sum of squares of residuals : 795.387
rel. change during last iteration : -7.19642e-010

degrees of freedom    (FIT_NDF)                        : 148
rms of residuals      (FIT_STDFIT) = sqrt(WSSR/ndf)    : 2.31824
variance of residuals (reduced chisquare) = WSSR/ndf   : 5.37424

Final set of parameters            Asymptotic Standard Error
=======================            ==========================
a               = 0.0819419        +/- 0.004371     (5.335%)
b               = 17.4119          +/- 0.3805       (2.185%)

correlation matrix of the fit parameters:
                a      b      
a               1.000 
b              -0.867  1.000 


*******************************************************************************
Tue May 15 12:07:05 2018


FIT:    data read from 'results3.txt' using 1:2
        format = x:z
        #datapoints = 150
        residuals are weighted equally (unit weight)

function used for fitting: f(x)
	f(x) = a*x + b
fitted parameters initialized with current variable values

iter      chisq       delta/lim  lambda   a             b            
   0 9.0381254521e+05  0.00e+00 6.15e+01  1.000000e+00  1.000000e+00
   5 9.4666698794e+01 -2.60e-07 6.15e-04  5.897463e-02  5.983104e+00

After 5 iterations the fit converged.
final sum of squares of residuals : 94.6667
rel. change during last iteration : -2.59698e-012

degrees of freedom    (FIT_NDF)                        : 148
rms of residuals      (FIT_STDFIT) = sqrt(WSSR/ndf)    : 0.799775
variance of residuals (reduced chisquare) = WSSR/ndf   : 0.63964

Final set of parameters            Asymptotic Standard Error
=======================            ==========================
a               = 0.0589746        +/- 0.001508     (2.557%)
b               = 5.9831           +/- 0.1313       (2.194%)

correlation matrix of the fit parameters:
                a      b      
a               1.000 
b              -0.867  1.000 


*******************************************************************************
Tue May 15 12:10:31 2018


FIT:    data read from 'areas3.txt' using 1:2
        format = x:z
        #datapoints = 150
        residuals are weighted equally (unit weight)

function used for fitting: f(x)
	f(x) = a*x + b
fitted parameters initialized with current variable values

iter      chisq       delta/lim  lambda   a             b            
   0 5.1581225838e+08  0.00e+00 5.57e+00  5.897463e-02  5.983104e+00
   3 1.9421773807e+08 -5.38e-05 5.57e-03 -1.837597e+01  2.625330e+03

After 3 iterations the fit converged.
final sum of squares of residuals : 1.94218e+008
rel. change during last iteration : -5.38009e-010

degrees of freedom    (FIT_NDF)                        : 148
rms of residuals      (FIT_STDFIT) = sqrt(WSSR/ndf)    : 1145.55
variance of residuals (reduced chisquare) = WSSR/ndf   : 1.31228e+006

Final set of parameters            Asymptotic Standard Error
=======================            ==========================
a               = -18.376          +/- 2.16         (11.76%)
b               = 2625.33          +/- 188          (7.161%)

correlation matrix of the fit parameters:
                a      b      
a               1.000 
b              -0.867  1.000 
